<?xml version="1.0" encoding="UTF-8"?>
<!-- Generated by org.testng.reporters.JUnitXMLReporter -->
<testsuite ignored="0" hostname="DESKTOP-MMOB49H" failures="0" tests="1" name="Test" time="3.905" errors="0" timestamp="2024-09-12T11:38:35 IST">
  <testcase classname="com.soc.generic.Base" name="@BeforeMethod Login" time="0.004">
    <failure type="java.io.FileNotFoundException" message=".\data\commomdata.property (The system cannot find the file specified)">
      <![CDATA[java.io.FileNotFoundException: .\data\commomdata.property (The system cannot find the file specified)
at java.base/java.io.FileInputStream.open0(Native Method)
at java.base/java.io.FileInputStream.open(FileInputStream.java:216)
at java.base/java.io.FileInputStream.<init>(FileInputStream.java:157)
at java.base/java.io.FileInputStream.<init>(FileInputStream.java:111)
at com.soc.generic.File.getPropertyData(File.java:12)
at com.soc.generic.Base.Login(Base.java:35)
at java.base/java.util.ArrayList.forEach(ArrayList.java:1511)
... Removed 31 stack frames]]>
    </failure>
  </testcase> <!-- @BeforeMethod Login -->
  <testcase classname="com.soc.generic.Base" name="@AfterMethod Logout" time="-1.726121315691E9">
    <skipped/>
  </testcase> <!-- @AfterMethod Logout -->
  <testcase classname="com.soc.generic.Base" name="@AfterClass closeBrowser" time="-1.726121315697E9">
    <skipped/>
  </testcase> <!-- @AfterClass closeBrowser -->
  <testcase classname="com.soc.testscript.CustModule" name="testCreatCust" time="0.0">
    <skipped/>
  </testcase> <!-- testCreatCust -->
</testsuite> <!-- Test -->
