<?xml version="1.0" encoding="UTF-8"?>
<testng-results ignored="0" total="1" passed="1" failed="0" skipped="0">
  <reporter-output>
    <line>
      <![CDATA[openbrowser]]>
    </line>
    <line>
      <![CDATA[Login]]>
    </line>
    <line>
      <![CDATA[Create Customer Module]]>
    </line>
    <line>
      <![CDATA[Logout]]>
    </line>
    <line>
      <![CDATA[closeBrowser]]>
    </line>
  </reporter-output>
  <suite started-at="2024-09-12T13:18:09 IST" name="Default suite" finished-at="2024-09-12T13:18:25 IST" duration-ms="15489">
    <groups>
    </groups>
    <test started-at="2024-09-12T13:18:09 IST" name="Default test" finished-at="2024-09-12T13:18:25 IST" duration-ms="15489">
      <class name="com.soc.testscript.CustModule">
        <test-method is-config="true" signature="openBrowser()[pri:0, instance:com.soc.testscript.CustModule@ffaa6af]" started-at="2024-09-12T13:18:09 IST" name="openBrowser" finished-at="2024-09-12T13:18:13 IST" duration-ms="3370" status="PASS">
          <reporter-output>
            <line>
              <![CDATA[openbrowser]]>
            </line>
          </reporter-output>
        </test-method> <!-- openBrowser -->
        <test-method is-config="true" signature="Login()[pri:0, instance:com.soc.testscript.CustModule@ffaa6af]" started-at="2024-09-12T13:18:13 IST" name="Login" finished-at="2024-09-12T13:18:19 IST" duration-ms="6278" status="PASS">
          <reporter-output>
            <line>
              <![CDATA[Login]]>
            </line>
          </reporter-output>
        </test-method> <!-- Login -->
        <test-method signature="testCreatCust()[pri:0, instance:com.soc.testscript.CustModule@ffaa6af]" started-at="2024-09-12T13:18:19 IST" name="testCreatCust" finished-at="2024-09-12T13:18:24 IST" duration-ms="4836" status="PASS">
          <reporter-output>
            <line>
              <![CDATA[Create Customer Module]]>
            </line>
          </reporter-output>
        </test-method> <!-- testCreatCust -->
        <test-method is-config="true" signature="Logout()[pri:0, instance:com.soc.testscript.CustModule@ffaa6af]" started-at="2024-09-12T13:18:24 IST" name="Logout" finished-at="2024-09-12T13:18:24 IST" duration-ms="498" status="PASS">
          <reporter-output>
            <line>
              <![CDATA[Logout]]>
            </line>
          </reporter-output>
        </test-method> <!-- Logout -->
        <test-method is-config="true" signature="closeBrowser()[pri:0, instance:com.soc.testscript.CustModule@ffaa6af]" started-at="2024-09-12T13:18:24 IST" name="closeBrowser" finished-at="2024-09-12T13:18:25 IST" duration-ms="411" status="PASS">
          <reporter-output>
            <line>
              <![CDATA[closeBrowser]]>
            </line>
          </reporter-output>
        </test-method> <!-- closeBrowser -->
      </class> <!-- com.soc.testscript.CustModule -->
    </test> <!-- Default test -->
  </suite> <!-- Default suite -->
</testng-results>
